web-1                 | 172.18.0.1 - - [10/Feb/2025 20:37:46] "GET /static/js/main.js HTTP/1.1" 200 -
web-1                 | 172.18.0.1 - - [10/Feb/2025 20:37:46] "GET /get_user_scores HTTP/1.1" 200 -
web-1                 | User authenticated: True
web-1                 | Current user: 1
web-1                 | 172.18.0.1 - - [10/Feb/2025 20:37:48] "GET /get_questions HTTP/1.1" 200 -
web-1                 | 172.18.0.1 - - [10/Feb/2025 20:37:50] "GET /static/sounds/correct.mp3 HTTP/1.1" 404 -
web-1                 | 172.18.0.1 - - [10/Feb/2025 20:37:51] "GET /static/sounds/correct.mp3 HTTP/1.1" 404 -
web-1                 | 172.18.0.1 - - [10/Feb/2025 20:39:04] "GET / HTTP/1.1" 200 -
web-1                 | 172.18.0.1 - - [10/Feb/2025 20:39:04] "GET /static/js/main.js HTTP/1.1" 200 -
web-1                 | 172.18.0.1 - - [10/Feb/2025 20:39:04] "GET /static/css/style.css HTTP/1.1" 200 -
web-1                 | 172.18.0.1 - - [10/Feb/2025 20:39:04] "GET /get_user_scores HTTP/1.1" 200 -
web-1                 | User authenticated: True
web-1                 | Current user: 1
web-1                 | 172.18.0.1 - - [10/Feb/2025 20:39:06] "GET /get_questions HTTP/1.1" 200 -
web-1                 | 172.18.0.1 - - [10/Feb/2025 20:39:07] "GET / HTTP/1.1" 200 -
web-1                 | 172.18.0.1 - - [10/Feb/2025 20:39:07] "GET /static/js/main.js HTTP/1.1" 304 -
web-1                 | 172.18.0.1 - - [10/Feb/2025 20:39:07] "GET /static/css/style.css HTTP/1.1" 304 -
web-1                 | 172.18.0.1 - - [10/Feb/2025 20:39:07] "GET /get_user_scores HTTP/1.1" 200 -
web-1                 | User authenticated: True
web-1                 | Current user: 1
web-1                 | 172.18.0.1 - - [10/Feb/2025 20:39:09] "GET /get_questions HTTP/1.1" 200 -
web-1                 | 172.18.0.1 - - [10/Feb/2025 20:39:09] "GET /static/sounds/correct.mp3 HTTP/1.1" 404 -
web-1                 | 172.18.0.1 - - [10/Feb/2025 20:39:11] "GET /static/sounds/correct.mp3 HTTP/1.1" 404 -
web-1                 | 172.18.0.1 - - [10/Feb/2025 20:39:12] "GET /static/sounds/correct.mp3 HTTP/1.1" 404 -
web-1                 | 172.18.0.1 - - [10/Feb/2025 20:39:14] "GET /static/sounds/correct.mp3 HTTP/1.1" 404 -
web-1                 | 172.18.0.1 - - [10/Feb/2025 20:39:16] "GET /static/sounds/correct.mp3 HTTP/1.1" 404 -
web-1                 | 172.18.0.1 - - [10/Feb/2025 20:39:16] "GET /get_user_scores HTTP/1.1" 200 -
web-1                 | 172.18.0.1 - - [10/Feb/2025 20:39:16] "POST /submit_score HTTP/1.1" 400 -
web-1                 | 172.18.0.1 - - [10/Feb/2025 20:39:18] "GET /logout HTTP/1.1" 200 -
web-1                 | 172.18.0.1 - - [10/Feb/2025 20:39:18] "GET / HTTP/1.1" 200 -
web-1                 | 172.18.0.1 - - [10/Feb/2025 20:39:18] "GET /static/css/style.css HTTP/1.1" 200 -
web-1                 | 172.18.0.1 - - [10/Feb/2025 20:39:18] "GET /static/js/main.js HTTP/1.1" 200 -
web-1                 | 172.18.0.1 - - [10/Feb/2025 20:39:19] "GET /get_questions HTTP/1.1" 302 -
web-1                 | 172.18.0.1 - - [10/Feb/2025 20:39:19] "GET /login?next=/get_questions HTTP/1.1" 200 -
web-1                 | 172.18.0.1 - - [10/Feb/2025 20:39:21] "GET /get_questions HTTP/1.1" 302 -
web-1                 | 172.18.0.1 - - [10/Feb/2025 20:39:21] "GET /login?next=/get_questions HTTP/1.1" 200 -
web-1                 | 172.18.0.1 - - [10/Feb/2025 20:39:23] "GET /get_questions HTTP/1.1" 302 -
web-1                 | 172.18.0.1 - - [10/Feb/2025 20:39:23] "GET /login?next=/get_questions HTTP/1.1" 200 -
web-1                 | 172.18.0.1 - - [10/Feb/2025 20:39:51] "GET / HTTP/1.1" 200 -
web-1                 | 172.18.0.1 - - [10/Feb/2025 20:39:51] "GET /static/css/style.css HTTP/1.1" 200 -
web-1                 | 172.18.0.1 - - [10/Feb/2025 20:39:51] "GET /static/js/main.js HTTP/1.1" 200 -
web-1                 | 172.18.0.1 - - [10/Feb/2025 20:39:52] "GET /get_questions HTTP/1.1" 302 -
web-1                 | 172.18.0.1 - - [10/Feb/2025 20:39:52] "GET /login?next=/get_questions HTTP/1.1" 200 -
web-1                 | 172.18.0.1 - - [10/Feb/2025 20:39:55] "GET /login HTTP/1.1" 200 -
web-1                 | 172.18.0.1 - - [10/Feb/2025 20:39:55] "GET /static/js/main.js HTTP/1.1" 304 -
web-1                 | 172.18.0.1 - - [10/Feb/2025 20:39:55] "GET /static/css/style.css HTTP/1.1" 304 -
web-1                 | 172.18.0.1 - - [10/Feb/2025 20:40:02] "POST /login HTTP/1.1" 200 -
web-1                 | 172.18.0.1 - - [10/Feb/2025 20:40:02] "GET / HTTP/1.1" 200 -
web-1                 | 172.18.0.1 - - [10/Feb/2025 20:40:02] "GET /static/js/main.js HTTP/1.1" 304 -
web-1                 | 172.18.0.1 - - [10/Feb/2025 20:40:02] "GET /static/css/style.css HTTP/1.1" 304 -
web-1                 | 172.18.0.1 - - [10/Feb/2025 20:40:02] "GET /get_user_scores HTTP/1.1" 200 -
web-1                 | User authenticated: True
web-1                 | Current user: 1
web-1                 | 172.18.0.1 - - [10/Feb/2025 20:40:03] "GET /get_questions HTTP/1.1" 200 -
web-1                 | 172.18.0.1 - - [10/Feb/2025 20:40:07] "GET /static/sounds/correct.mp3 HTTP/1.1" 404 -
web-1                 | 172.18.0.1 - - [10/Feb/2025 20:40:22] "GET /static/sounds/correct.mp3 HTTP/1.1" 404 -
web-1                 | 172.18.0.1 - - [10/Feb/2025 20:40:23] "GET /static/sounds/correct.mp3 HTTP/1.1" 404 -
web-1                 | 172.18.0.1 - - [10/Feb/2025 20:40:24] "GET /static/sounds/correct.mp3 HTTP/1.1" 404 -
web-1                 | 172.18.0.1 - - [10/Feb/2025 20:40:26] "GET /static/sounds/correct.mp3 HTTP/1.1" 404 -
web-1                 | 172.18.0.1 - - [10/Feb/2025 20:40:26] "POST /submit_score HTTP/1.1" 400 -
web-1                 | 172.18.0.1 - - [10/Feb/2025 20:40:26] "GET /get_user_scores HTTP/1.1" 200 -

web-1                 |  * Detected change in '/app/run.py', reloading
web-1                 |  * Restarting with stat
web-1                 |  * Debugger is active!
Gracefully stopping... (press Ctrl+C again to force)
[+] Stopping 3/2
 ✔ Container daily_trivia_ai-web-1                 Stopped                                                                                                                                         0.1s 
 ✔ Container daily_trivia_ai-question_generator-1  Stopped                                                                                                                                         3.7s 
 ✔ Container daily_trivia_ai-db-1                  Stopped                                                                                                                                         0.0s 
canceled
rrsand@Robins-MBP-M3 daily_trivia_ai % docker compose down && docker compose up --build                                           
[+] Running 4/4
 ✔ Container daily_trivia_ai-web-1                 Removed                                                                                                                                         0.0s 
 ✔ Container daily_trivia_ai-question_generator-1  Removed                                                                                                                                         0.0s 
 ✔ Container daily_trivia_ai-db-1                  Removed                                                                                                                                         0.0s 
 ✔ Network daily_trivia_ai_trivia_network          Removed                                                                                                                                         0.1s 
[+] Running 0/0
[+] Running 0/2tion_generator  Building                                                                                                                                                            0.1s 
 ⠙ Service question_generator  Building                                                                                                                                                            0.2s 
[+] Building 21.6s (18/21)                                                                                                                                                         docker:desktop-linux 
 => [question_generator internal] load build definition from Dockerfile                                                                                                                            0.0s
 => => transferring dockerfile: 619B                                                                                                                                                               0.0s
 => [question_generator internal] load metadata for docker.io/library/python:3.12-slim                                                                                                             0.6s
 => [web internal] load build definition from Dockerfile                                                                                                                                           0.0s 
 => => transferring dockerfile: 619B                                                                                                                                                               0.0s 
 => [question_generator auth] library/python:pull token for registry-1.docker.io                                                                                                                   0.0s 
 => [web internal] load .dockerignore                                                                                                                                                              0.0s
 => => transferring context: 325B                                                                                                                                                                  0.0s
 => [question_generator internal] load .dockerignore                                                                                                                                               0.0s 
 => => transferring context: 325B                                                                                                                                                                  0.0s
 => [web internal] load build context                                                                                                                                                              0.0s
 => => transferring context: 109.23kB                                                                                                                                                              0.0s
 => [question_generator 1/6] FROM docker.io/library/python:3.12-slim@sha256:34656cd90456349040784165b9decccbcee4de66f3ead0a1168ba893455afd1e                                                       0.0s
 => => resolve docker.io/library/python:3.12-slim@sha256:34656cd90456349040784165b9decccbcee4de66f3ead0a1168ba893455afd1e                                                                          0.0s
 => [question_generator internal] load build context                                                                                                                                               0.0s
 => => transferring context: 109.23kB                                                                                                                                                              0.0s
 => CACHED [question_generator 2/6] WORKDIR /app                                                                                                                                                   0.0s
 => CACHED [question_generator 3/6] RUN apt-get update && apt-get install -y     build-essential     && rm -rf /var/lib/apt/lists/*                                                                0.0s
 => [web 4/6] COPY requirements.txt .                                                                                                                                                              0.0s 
 => [web 5/6] RUN pip install --no-cache-dir -r requirements.txt                                                                                                                                  16.4s 
 => [web 6/6] COPY . .                                                                                                                                                                             0.0s 
 => [question_generator] exporting to image                                                                                                                                                        4.5s
 => => exporting layers                                                                                                                                                                            3.6s 
 => => exporting manifest sha256:b02c76847925984407347a434d3e13811aab080ac6a5e9e7bcc0523c76da88d5                                                                                                  0.0s 
 => => exporting config sha256:ebb709b36f2e818e02712fb033fd22d86e8556451620b1bfbd85e9ff4ca7b3ec                                                                                                    0.0s
 => => exporting attestation manifest sha256:0ea87590a47e2f00ae97b1ef396981f47e2c1daaa86599c8290395b84735bd3e                                                                                      0.0s
 => => exporting manifest list sha256:e276dd0f036bb5f8a1b1394308b847c9b32280d0375ee60193d57e2bd388e9d4                                                                                             0.0s
 => => naming to docker.io/library/daily_trivia_ai-question_generator:latest                                                                                                                       0.0s
 => => unpacking to docker.io/library/daily_trivia_ai-question_generator:latest                                                                                                                    0.9s
 => [web] exporting to image                                                                                                                                                                       4.5s
 => => exporting layers                                                                                                                                                                            3.6s
 => => exporting manifest sha256:61529d32dfd0c13558832a86e1e5091b76f7037efe076c1cd3ad68730564a17d                                                                                                  0.0s
 => => exporting config sha256:8b92a5d3aea99e64f5deffd57472010755a6bead0700e232543a5d6a0ce4ccb1                                                                                                    0.0s
 => => exporting attestation manifest sha256:96d41bcfc92ca9525b87318a056b7d626c37b6fe2c2dd88c93c5bf65b3dce78b                                                                                      0.0s
 => => exporting manifest list sha256:cb778b43fb9968f0456b26402d3499e35cac10cc9eee2b13f9a9ff89e8cfc6b6                                                                                             0.0s
 => => naming to docker.io/library/daily_trivia_ai-web:latest                                                                                                                                      0.0s
[+] Running 6/6g to docker.io/library/daily_trivia_ai-web:latest                                                                                                                                   0.9s
 ✔ Service question_generator                      Built                                                                                                                                          21.7s 
 ✔ Service web                                     Built                                                                                                                                          21.7s 
 ✔ Network daily_trivia_ai_trivia_network          Created                                                                                                                                         0.0s 
 ✔ Container daily_trivia_ai-db-1                  Created                                                                                                                                         0.4s 
 ✔ Container daily_trivia_ai-question_generator-1  Created                                                                                                                                         0.1s 
 ✔ Container daily_trivia_ai-web-1                 Created                                                                                                                                         0.1s 
Attaching to db-1, question_generator-1, web-1
db-1                  | 
db-1                  | PostgreSQL Database directory appears to contain a database; Skipping initialization
db-1                  | 
db-1                  | 2025-02-10 21:01:48.261 UTC [1] LOG:  starting PostgreSQL 14.15 on aarch64-unknown-linux-musl, compiled by gcc (Alpine 14.2.0) 14.2.0, 64-bit
db-1                  | 2025-02-10 21:01:48.261 UTC [1] LOG:  listening on IPv4 address "0.0.0.0", port 5432
db-1                  | 2025-02-10 21:01:48.261 UTC [1] LOG:  listening on IPv6 address "::", port 5432
db-1                  | 2025-02-10 21:01:48.262 UTC [1] LOG:  listening on Unix socket "/var/run/postgresql/.s.PGSQL.5432"
db-1                  | 2025-02-10 21:01:48.263 UTC [27] LOG:  database system was interrupted; last known up at 2025-02-10 20:34:36 UTC
db-1                  | 2025-02-10 21:01:48.325 UTC [27] LOG:  database system was not properly shut down; automatic recovery in progress
db-1                  | 2025-02-10 21:01:48.326 UTC [27] LOG:  redo starts at 0/1741760
db-1                  | 2025-02-10 21:01:48.326 UTC [27] LOG:  invalid record length at 0/1741848: wanted 24, got 0
db-1                  | 2025-02-10 21:01:48.326 UTC [27] LOG:  redo done at 0/1741810 system usage: CPU: user: 0.00 s, system: 0.00 s, elapsed: 0.00 s
db-1                  | 2025-02-10 21:01:48.330 UTC [1] LOG:  database system is ready to accept connections
web-1                 |  * Serving Flask app 'app'
web-1                 |  * Debug mode: on
web-1                 | WARNING: This is a development server. Do not use it in a production deployment. Use a production WSGI server instead.
web-1                 |  * Running on all addresses (0.0.0.0)
web-1                 |  * Running on http://127.0.0.1:5000
web-1                 |  * Running on http://172.18.0.4:5000
web-1                 | Press CTRL+C to quit
web-1                 |  * Restarting with stat
web-1                 |  * Debugger is active!
web-1                 |  * Debugger PIN: 144-455-090
question_generator-1  | 2025-02-10 21:01:54,445 - INFO - Starting question generator scheduler
question_generator-1  | 2025-02-10 21:01:54,445 - INFO - Starting daily question generation for 2025-02-10
question_generator-1  | 2025-02-10 21:01:54,453 - INFO - Questions already exist for today
web-1                 | 172.18.0.1 - - [10/Feb/2025 21:01:58] "GET / HTTP/1.1" 200 -
web-1                 | 172.18.0.1 - - [10/Feb/2025 21:01:58] "GET /static/js/main.js HTTP/1.1" 200 -
web-1                 | 172.18.0.1 - - [10/Feb/2025 21:01:58] "GET /static/css/style.css HTTP/1.1" 200 -
web-1                 | 172.18.0.1 - - [10/Feb/2025 21:01:58] "GET /get_user_scores HTTP/1.1" 200 -
web-1                 | User authenticated: True
web-1                 | Current user: 1
web-1                 | 172.18.0.1 - - [10/Feb/2025 21:02:01] "GET /get_questions HTTP/1.1" 200 -
web-1                 | 172.18.0.1 - - [10/Feb/2025 21:02:03] "GET /static/sounds/correct.mp3 HTTP/1.1" 404 -
web-1                 | 172.18.0.1 - - [10/Feb/2025 21:02:04] "GET /static/sounds/correct.mp3 HTTP/1.1" 404 -
web-1                 | 172.18.0.1 - - [10/Feb/2025 21:02:05] "GET /static/sounds/correct.mp3 HTTP/1.1" 404 -
web-1                 | 172.18.0.1 - - [10/Feb/2025 21:02:08] "GET /static/sounds/correct.mp3 HTTP/1.1" 404 -
web-1                 | 172.18.0.1 - - [10/Feb/2025 21:02:09] "GET /static/sounds/correct.mp3 HTTP/1.1" 404 -
web-1                 | 172.18.0.1 - - [10/Feb/2025 21:02:09] "POST /submit_score HTTP/1.1" 400 -
web-1                 | 172.18.0.1 - - [10/Feb/2025 21:02:09] "GET /get_user_scores HTTP/1.1" 200 -
web-1                 | 172.18.0.1 - - [10/Feb/2025 21:13:41] "GET / HTTP/1.1" 200 -
web-1                 | 172.18.0.1 - - [10/Feb/2025 21:13:41] "GET /static/js/main.js HTTP/1.1" 304 -
web-1                 | 172.18.0.1 - - [10/Feb/2025 21:13:41] "GET /static/css/style.css HTTP/1.1" 304 -
web-1                 | 172.18.0.1 - - [10/Feb/2025 21:13:41] "GET /get_user_scores HTTP/1.1" 200 -
web-1                 | User authenticated: True
web-1                 | Current user: 1
web-1                 | 172.18.0.1 - - [10/Feb/2025 21:13:43] "GET /get_questions HTTP/1.1" 200 -
web-1                 | 172.18.0.1 - - [10/Feb/2025 21:47:39] "GET / HTTP/1.1" 200 -
web-1                 | 172.18.0.1 - - [10/Feb/2025 21:47:39] "GET /static/css/style.css HTTP/1.1" 200 -
web-1                 | 172.18.0.1 - - [10/Feb/2025 21:47:39] "GET /static/js/main.js HTTP/1.1" 200 -
web-1                 | 172.18.0.1 - - [10/Feb/2025 21:47:42] "GET /get_questions HTTP/1.1" 302 -
web-1                 | 172.18.0.1 - - [10/Feb/2025 21:47:42] "GET /login?next=/get_questions HTTP/1.1" 200 -
web-1                 | 172.18.0.1 - - [10/Feb/2025 21:47:45] "GET /login HTTP/1.1" 200 -
web-1                 | 172.18.0.1 - - [10/Feb/2025 21:47:45] "GET /static/css/style.css HTTP/1.1" 304 -
web-1                 | 172.18.0.1 - - [10/Feb/2025 21:47:45] "GET /static/js/main.js HTTP/1.1" 304 -
web-1                 | 172.18.0.1 - - [10/Feb/2025 21:47:49] "POST /login HTTP/1.1" 200 -
web-1                 | 172.18.0.1 - - [10/Feb/2025 21:47:49] "GET / HTTP/1.1" 200 -
web-1                 | 172.18.0.1 - - [10/Feb/2025 21:47:49] "GET /static/css/style.css HTTP/1.1" 304 -
web-1                 | 172.18.0.1 - - [10/Feb/2025 21:47:49] "GET /static/js/main.js HTTP/1.1" 304 -
web-1                 | 172.18.0.1 - - [10/Feb/2025 21:47:49] "GET /get_user_scores HTTP/1.1" 200 -
web-1                 | User authenticated: True
web-1                 | Current user: 1
web-1                 | 172.18.0.1 - - [10/Feb/2025 21:47:51] "GET /get_questions HTTP/1.1" 200 -
web-1                 | 172.18.0.1 - - [10/Feb/2025 21:47:53] "GET /static/sounds/correct.mp3 HTTP/1.1" 404 -
web-1                 | 172.18.0.1 - - [10/Feb/2025 21:47:54] "GET /static/sounds/correct.mp3 HTTP/1.1" 404 -
web-1                 | 172.18.0.1 - - [10/Feb/2025 21:47:56] "GET /static/sounds/correct.mp3 HTTP/1.1" 404 -
web-1                 | 172.18.0.1 - - [10/Feb/2025 21:47:57] "GET /static/sounds/correct.mp3 HTTP/1.1" 404 -
web-1                 | 172.18.0.1 - - [10/Feb/2025 21:47:59] "GET /static/sounds/correct.mp3 HTTP/1.1" 404 -
web-1                 | 172.18.0.1 - - [10/Feb/2025 21:47:59] "GET /get_user_scores HTTP/1.1" 200 -
web-1                 | 172.18.0.1 - - [10/Feb/2025 21:47:59] "POST /submit_score HTTP/1.1" 400 -
web-1                 | 172.18.0.1 - - [10/Feb/2025 21:59:57] "GET / HTTP/1.1" 200 -
web-1                 | 172.18.0.1 - - [10/Feb/2025 21:59:57] "GET /static/js/main.js HTTP/1.1" 304 -
web-1                 | 172.18.0.1 - - [10/Feb/2025 21:59:57] "GET /static/css/style.css HTTP/1.1" 304 -
web-1                 | 172.18.0.1 - - [10/Feb/2025 21:59:57] "GET /get_user_scores HTTP/1.1" 200 -
web-1                 | User authenticated: True
web-1                 | Current user: 1
web-1                 | 172.18.0.1 - - [10/Feb/2025 22:00:28] "GET /get_questions HTTP/1.1" 200 -
web-1                 | 172.18.0.1 - - [10/Feb/2025 22:00:48] "GET /static/sounds/correct.mp3 HTTP/1.1" 404 -
web-1                 | 172.18.0.1 - - [10/Feb/2025 22:00:58] "GET /static/sounds/correct.mp3 HTTP/1.1" 404 -
web-1                 | 172.18.0.1 - - [10/Feb/2025 22:01:07] "GET /static/sounds/wrong.mp3 HTTP/1.1" 404 -
web-1                 | 172.18.0.1 - - [10/Feb/2025 22:01:13] "GET /static/sounds/wrong.mp3 HTTP/1.1" 404 -
web-1                 | 172.18.0.1 - - [10/Feb/2025 22:01:35] "GET /static/sounds/correct.mp3 HTTP/1.1" 404 -
web-1                 | 172.18.0.1 - - [10/Feb/2025 22:01:35] "GET /get_user_scores HTTP/1.1" 200 -
web-1                 | 172.18.0.1 - - [10/Feb/2025 22:01:35] "POST /submit_score HTTP/1.1" 400 -
web-1                 | 172.18.0.1 - - [10/Feb/2025 22:02:05] "GET / HTTP/1.1" 200 -
web-1                 | 172.18.0.1 - - [10/Feb/2025 22:02:05] "GET /static/js/main.js HTTP/1.1" 304 -
web-1                 | 172.18.0.1 - - [10/Feb/2025 22:02:05] "GET /static/css/style.css HTTP/1.1" 304 -
web-1                 | 172.18.0.1 - - [10/Feb/2025 22:02:05] "GET /get_user_scores HTTP/1.1" 200 -
web-1                 | 172.18.0.1 - - [10/Feb/2025 22:02:08] "GET /logout HTTP/1.1" 200 -
web-1                 | 172.18.0.1 - - [10/Feb/2025 22:02:08] "GET / HTTP/1.1" 200 -
web-1                 | 172.18.0.1 - - [10/Feb/2025 22:02:08] "GET /static/css/style.css HTTP/1.1" 304 -
web-1                 | 172.18.0.1 - - [10/Feb/2025 22:02:08] "GET /static/js/main.js HTTP/1.1" 304 -
web-1                 | 172.18.0.1 - - [10/Feb/2025 22:02:11] "GET /get_questions HTTP/1.1" 302 -
web-1                 | 172.18.0.1 - - [10/Feb/2025 22:02:11] "GET /login?next=/get_questions HTTP/1.1" 200 -
web-1                 | 172.18.0.1 - - [10/Feb/2025 22:02:15] "GET /login HTTP/1.1" 200 -
web-1                 | 172.18.0.1 - - [10/Feb/2025 22:02:15] "GET /static/js/main.js HTTP/1.1" 304 -
web-1                 | 172.18.0.1 - - [10/Feb/2025 22:02:15] "GET /static/css/style.css HTTP/1.1" 304 -
web-1                 | 172.18.0.1 - - [10/Feb/2025 22:02:21] "POST /login HTTP/1.1" 200 -
web-1                 | 172.18.0.1 - - [10/Feb/2025 22:02:21] "GET / HTTP/1.1" 200 -
web-1                 | 172.18.0.1 - - [10/Feb/2025 22:02:21] "GET /static/js/main.js HTTP/1.1" 304 -
web-1                 | 172.18.0.1 - - [10/Feb/2025 22:02:21] "GET /static/css/style.css HTTP/1.1" 304 -
web-1                 | 172.18.0.1 - - [10/Feb/2025 22:02:21] "GET /get_user_scores HTTP/1.1" 200 -
web-1                 | 172.18.0.1 - - [10/Feb/2025 22:07:58] "GET /logout HTTP/1.1" 200 -
web-1                 | 172.18.0.1 - - [10/Feb/2025 22:07:58] "GET / HTTP/1.1" 200 -
web-1                 | 172.18.0.1 - - [10/Feb/2025 22:07:58] "GET /static/js/main.js HTTP/1.1" 304 -
web-1                 | 172.18.0.1 - - [10/Feb/2025 22:07:58] "GET /static/css/style.css HTTP/1.1" 304 -
web-1                 | 172.18.0.1 - - [10/Feb/2025 22:07:59] "GET /signup HTTP/1.1" 200 -
web-1                 | 172.18.0.1 - - [10/Feb/2025 22:07:59] "GET /static/css/style.css HTTP/1.1" 304 -
web-1                 | 172.18.0.1 - - [10/Feb/2025 22:07:59] "GET /static/js/main.js HTTP/1.1" 304 -
web-1                 | 172.18.0.1 - - [10/Feb/2025 22:08:13] "POST /signup HTTP/1.1" 200 -
web-1                 | 172.18.0.1 - - [10/Feb/2025 22:08:13] "GET / HTTP/1.1" 200 -
web-1                 | 172.18.0.1 - - [10/Feb/2025 22:08:13] "GET /static/css/style.css HTTP/1.1" 304 -
web-1                 | 172.18.0.1 - - [10/Feb/2025 22:08:13] "GET /static/js/main.js HTTP/1.1" 304 -
web-1                 | 172.18.0.1 - - [10/Feb/2025 22:08:13] "GET /get_user_scores HTTP/1.1" 200 -
web-1                 | User authenticated: True
web-1                 | Current user: 2
web-1                 | 172.18.0.1 - - [10/Feb/2025 22:08:18] "GET /get_questions HTTP/1.1" 200 -
web-1                 | 172.18.0.1 - - [10/Feb/2025 22:08:20] "GET /static/sounds/correct.mp3 HTTP/1.1" 404 -
web-1                 | 172.18.0.1 - - [10/Feb/2025 22:08:24] "GET /static/sounds/correct.mp3 HTTP/1.1" 404 -
web-1                 | 172.18.0.1 - - [10/Feb/2025 22:08:51] "GET /static/sounds/wrong.mp3 HTTP/1.1" 404 -
web-1                 | 172.18.0.1 - - [10/Feb/2025 22:08:57] "GET /static/sounds/correct.mp3 HTTP/1.1" 404 -
web-1                 | 172.18.0.1 - - [10/Feb/2025 22:09:03] "GET /static/sounds/correct.mp3 HTTP/1.1" 404 -
web-1                 | 172.18.0.1 - - [10/Feb/2025 22:09:04] "GET /get_user_scores HTTP/1.1" 200 -
web-1                 | 172.18.0.1 - - [10/Feb/2025 22:09:04] "POST /submit_score HTTP/1.1" 200 -
web-1                 | 172.18.0.1 - - [10/Feb/2025 22:09:12] "GET / HTTP/1.1" 200 -
web-1                 | 172.18.0.1 - - [10/Feb/2025 22:09:12] "GET /static/css/style.css HTTP/1.1" 304 -
web-1                 | 172.18.0.1 - - [10/Feb/2025 22:09:12] "GET /static/js/main.js HTTP/1.1" 304 -
web-1                 | 172.18.0.1 - - [10/Feb/2025 22:09:12] "GET /get_user_scores HTTP/1.1" 200 -
db-1                  | 2025-02-10 22:10:12.836 UTC [5093] WARNING:  PID 2176 is not a PostgreSQL server process
web-1                 | User authenticated: True
web-1                 | Current user: 2
web-1                 | 172.18.0.1 - - [10/Feb/2025 22:10:47] "GET /get_questions HTTP/1.1" 200 -
web-1                 | 172.18.0.1 - - [10/Feb/2025 22:10:49] "GET /static/sounds/correct.mp3 HTTP/1.1" 404 -
web-1                 | 172.18.0.1 - - [10/Feb/2025 22:10:53] "GET /static/sounds/correct.mp3 HTTP/1.1" 404 -
web-1                 | 172.18.0.1 - - [10/Feb/2025 22:10:54] "GET /static/sounds/correct.mp3 HTTP/1.1" 404 -
web-1                 | 172.18.0.1 - - [10/Feb/2025 22:10:56] "GET /static/sounds/correct.mp3 HTTP/1.1" 404 -
web-1                 | 172.18.0.1 - - [10/Feb/2025 22:10:57] "GET /static/sounds/correct.mp3 HTTP/1.1" 404 -
web-1                 | 172.18.0.1 - - [10/Feb/2025 22:10:57] "GET /get_user_scores HTTP/1.1" 200 -
web-1                 | 172.18.0.1 - - [10/Feb/2025 22:10:57] "POST /submit_score HTTP/1.1" 400 -
question_generator-1  | 2025-02-11 00:12:53,508 - INFO - Starting daily question generation for 2025-02-11
question_generator-1  | 2025-02-11 00:12:53,521 - INFO - Wikipedia: language=en, user_agent: DailyTriviaAI/1.0 (https://github.com/robinsanders/daily_trivia_ai; contact@dailytriviaai.com) (Wikipedia-API/0.6.0; https://github.com/martin-majlis/Wikipedia-API/), extract_format=1
question_generator-1  | 2025-02-11 00:12:54,581 - INFO - Initializing ChatOpenAI...
question_generator-1  | 2025-02-11 00:12:54,613 - INFO - ChatOpenAI initialized successfully
question_generator-1  | 2025-02-11 00:12:54,613 - INFO - Fetching random Wikipedia article...
question_generator-1  | 2025-02-11 00:12:54,613 - INFO - Fetching random Wikipedia article
question_generator-1  | 2025-02-11 00:12:54,613 - INFO - Trying category: Personal_finance
question_generator-1  | 2025-02-11 00:12:54,798 - INFO - Request URL: https://en.wikipedia.org/w/api.php?action=query&prop=info&titles=Certified Financial Planner Board of Standards&inprop=protection|talkid|watched|watchers|visitingwatchers|notificationtimestamp|subjectid|url|readable|preload|displaytitle
question_generator-1  | 2025-02-11 00:12:55,052 - INFO - Request URL: https://en.wikipedia.org/w/api.php?action=query&prop=extracts&titles=Certified Financial Planner Board of Standards&explaintext=1&exsectionformat=wiki
question_generator-1  | 2025-02-11 00:12:55,149 - INFO - Selected article: Certified Financial Planner Board of Standards
question_generator-1  | 2025-02-11 00:12:55,149 - INFO - Processing article content...
question_generator-1  | 2025-02-11 00:12:55,149 - INFO - Processing text of length 14232
question_generator-1  | 2025-02-11 00:12:55,156 - INFO - Split into 1 chunks
question_generator-1  | 2025-02-11 00:12:55,157 - INFO - Processing chunk 1 of 1
question_generator-1  | 2025-02-11 00:45:06,776 - INFO - Retrying request to /chat/completions in 0.992182 seconds
question_generator-1  | 2025-02-11 00:45:27,391 - INFO - Retrying request to /chat/completions in 1.987467 seconds
question_generator-1  | 2025-02-11 01:12:42,785 - ERROR - Error in generate_questions_for_chunk: Connection error.
question_generator-1  | 2025-02-11 01:12:42,786 - ERROR - Synthesized text: No synthesized text
question_generator-1  | 2025-02-11 01:12:42,786 - ERROR - Response content: No response
question_generator-1  | 2025-02-11 01:12:42,786 - ERROR - Error processing article: Connection error.
question_generator-1  | Traceback (most recent call last):
question_generator-1  |   File "/usr/local/lib/python3.12/site-packages/httpx/_transports/default.py", line 69, in map_httpcore_exceptions
question_generator-1  |     yield
question_generator-1  |   File "/usr/local/lib/python3.12/site-packages/httpx/_transports/default.py", line 233, in handle_request
question_generator-1  |     resp = self._pool.handle_request(req)
question_generator-1  |            ^^^^^^^^^^^^^^^^^^^^^^^^^^^^^^
question_generator-1  |   File "/usr/local/lib/python3.12/site-packages/httpcore/_sync/connection_pool.py", line 216, in handle_request
question_generator-1  |     raise exc from None
question_generator-1  |   File "/usr/local/lib/python3.12/site-packages/httpcore/_sync/connection_pool.py", line 196, in handle_request
question_generator-1  |     response = connection.handle_request(
question_generator-1  |                ^^^^^^^^^^^^^^^^^^^^^^^^^^
question_generator-1  |   File "/usr/local/lib/python3.12/site-packages/httpcore/_sync/connection.py", line 101, in handle_request
question_generator-1  |     return self._connection.handle_request(request)
question_generator-1  |            ^^^^^^^^^^^^^^^^^^^^^^^^^^^^^^^^^^^^^^^^
question_generator-1  |   File "/usr/local/lib/python3.12/site-packages/httpcore/_sync/http11.py", line 143, in handle_request
question_generator-1  |     raise exc
question_generator-1  |   File "/usr/local/lib/python3.12/site-packages/httpcore/_sync/http11.py", line 113, in handle_request
question_generator-1  |     ) = self._receive_response_headers(**kwargs)
question_generator-1  |         ^^^^^^^^^^^^^^^^^^^^^^^^^^^^^^^^^^^^^^^^
question_generator-1  |   File "/usr/local/lib/python3.12/site-packages/httpcore/_sync/http11.py", line 186, in _receive_response_headers
question_generator-1  |     event = self._receive_event(timeout=timeout)
question_generator-1  |             ^^^^^^^^^^^^^^^^^^^^^^^^^^^^^^^^^^^^
question_generator-1  |   File "/usr/local/lib/python3.12/site-packages/httpcore/_sync/http11.py", line 238, in _receive_event
question_generator-1  |     raise RemoteProtocolError(msg)
question_generator-1  | httpcore.RemoteProtocolError: Server disconnected without sending a response.
question_generator-1  | 
question_generator-1  | The above exception was the direct cause of the following exception:
question_generator-1  | 
question_generator-1  | Traceback (most recent call last):
question_generator-1  |   File "/usr/local/lib/python3.12/site-packages/openai/_base_client.py", line 973, in _request
question_generator-1  |     response = self._client.send(
question_generator-1  |                ^^^^^^^^^^^^^^^^^^
question_generator-1  |   File "/usr/local/lib/python3.12/site-packages/httpx/_client.py", line 914, in send
question_generator-1  |     response = self._send_handling_auth(
question_generator-1  |                ^^^^^^^^^^^^^^^^^^^^^^^^^
question_generator-1  |   File "/usr/local/lib/python3.12/site-packages/httpx/_client.py", line 942, in _send_handling_auth
question_generator-1  |     response = self._send_handling_redirects(
question_generator-1  |                ^^^^^^^^^^^^^^^^^^^^^^^^^^^^^^
question_generator-1  |   File "/usr/local/lib/python3.12/site-packages/httpx/_client.py", line 979, in _send_handling_redirects
question_generator-1  |     response = self._send_single_request(request)
question_generator-1  |                ^^^^^^^^^^^^^^^^^^^^^^^^^^^^^^^^^^
question_generator-1  |   File "/usr/local/lib/python3.12/site-packages/httpx/_client.py", line 1015, in _send_single_request
question_generator-1  |     response = transport.handle_request(request)
question_generator-1  |                ^^^^^^^^^^^^^^^^^^^^^^^^^^^^^^^^^
question_generator-1  |   File "/usr/local/lib/python3.12/site-packages/httpx/_transports/default.py", line 232, in handle_request
question_generator-1  |     with map_httpcore_exceptions():
question_generator-1  |          ^^^^^^^^^^^^^^^^^^^^^^^^^
question_generator-1  |   File "/usr/local/lib/python3.12/contextlib.py", line 158, in __exit__
question_generator-1  |     self.gen.throw(value)
question_generator-1  |   File "/usr/local/lib/python3.12/site-packages/httpx/_transports/default.py", line 86, in map_httpcore_exceptions
question_generator-1  |     raise mapped_exc(message) from exc
question_generator-1  | httpx.RemoteProtocolError: Server disconnected without sending a response.
question_generator-1  | 
question_generator-1  | The above exception was the direct cause of the following exception:
question_generator-1  | 
question_generator-1  | Traceback (most recent call last):
question_generator-1  |   File "/app/backend/question_generator.py", line 102, in process_article
question_generator-1  |     self.generate_questions_for_chunk(chunk)
question_generator-1  |   File "/app/backend/question_generator.py", line 63, in generate_questions_for_chunk
question_generator-1  |     synthesized_text = self.model.invoke(chat_prompt_formatted.to_messages()).content
question_generator-1  |                        ^^^^^^^^^^^^^^^^^^^^^^^^^^^^^^^^^^^^^^^^^^^^^^^^^^^^^^
question_generator-1  |   File "/usr/local/lib/python3.12/site-packages/langchain_core/language_models/chat_models.py", line 166, in invoke
question_generator-1  |     self.generate_prompt(
question_generator-1  |   File "/usr/local/lib/python3.12/site-packages/langchain_core/language_models/chat_models.py", line 544, in generate_prompt
question_generator-1  |     return self.generate(prompt_messages, stop=stop, callbacks=callbacks, **kwargs)
question_generator-1  |            ^^^^^^^^^^^^^^^^^^^^^^^^^^^^^^^^^^^^^^^^^^^^^^^^^^^^^^^^^^^^^^^^^^^^^^^^
question_generator-1  |   File "/usr/local/lib/python3.12/site-packages/langchain_core/language_models/chat_models.py", line 408, in generate
question_generator-1  |     raise e
question_generator-1  |   File "/usr/local/lib/python3.12/site-packages/langchain_core/language_models/chat_models.py", line 398, in generate
question_generator-1  |     self._generate_with_cache(
question_generator-1  |   File "/usr/local/lib/python3.12/site-packages/langchain_core/language_models/chat_models.py", line 577, in _generate_with_cache
question_generator-1  |     return self._generate(
question_generator-1  |            ^^^^^^^^^^^^^^^
question_generator-1  |   File "/usr/local/lib/python3.12/site-packages/langchain_openai/chat_models/base.py", line 451, in _generate
question_generator-1  |     response = self.client.create(messages=message_dicts, **params)
question_generator-1  |                ^^^^^^^^^^^^^^^^^^^^^^^^^^^^^^^^^^^^^^^^^^^^^^^^^^^^
question_generator-1  |   File "/usr/local/lib/python3.12/site-packages/openai/_utils/_utils.py", line 274, in wrapper
question_generator-1  |     return func(*args, **kwargs)
question_generator-1  |            ^^^^^^^^^^^^^^^^^^^^^
question_generator-1  |   File "/usr/local/lib/python3.12/site-packages/openai/resources/chat/completions.py", line 668, in create
question_generator-1  |     return self._post(
question_generator-1  |            ^^^^^^^^^^^
question_generator-1  |   File "/usr/local/lib/python3.12/site-packages/openai/_base_client.py", line 1260, in post
question_generator-1  |     return cast(ResponseT, self.request(cast_to, opts, stream=stream, stream_cls=stream_cls))
question_generator-1  |                            ^^^^^^^^^^^^^^^^^^^^^^^^^^^^^^^^^^^^^^^^^^^^^^^^^^^^^^^^^^^^^^^^^
question_generator-1  |   File "/usr/local/lib/python3.12/site-packages/openai/_base_client.py", line 937, in request
question_generator-1  |     return self._request(
question_generator-1  |            ^^^^^^^^^^^^^^
question_generator-1  |   File "/usr/local/lib/python3.12/site-packages/openai/_base_client.py", line 997, in _request
question_generator-1  |     return self._retry_request(
question_generator-1  |            ^^^^^^^^^^^^^^^^^^^^
question_generator-1  |   File "/usr/local/lib/python3.12/site-packages/openai/_base_client.py", line 1075, in _retry_request
question_generator-1  |     return self._request(
question_generator-1  |            ^^^^^^^^^^^^^^
question_generator-1  |   File "/usr/local/lib/python3.12/site-packages/openai/_base_client.py", line 997, in _request
question_generator-1  |     return self._retry_request(
question_generator-1  |            ^^^^^^^^^^^^^^^^^^^^
question_generator-1  |   File "/usr/local/lib/python3.12/site-packages/openai/_base_client.py", line 1075, in _retry_request
question_generator-1  |     return self._request(
question_generator-1  |            ^^^^^^^^^^^^^^
question_generator-1  |   File "/usr/local/lib/python3.12/site-packages/openai/_base_client.py", line 1007, in _request
question_generator-1  |     raise APIConnectionError(request=request) from err
question_generator-1  | openai.APIConnectionError: Connection error.
question_generator-1  | 2025-02-11 01:12:42,796 - ERROR - Error generating daily questions: Connection error.
question_generator-1  | Traceback (most recent call last):
question_generator-1  |   File "/usr/local/lib/python3.12/site-packages/httpx/_transports/default.py", line 69, in map_httpcore_exceptions
question_generator-1  |     yield
question_generator-1  |   File "/usr/local/lib/python3.12/site-packages/httpx/_transports/default.py", line 233, in handle_request
question_generator-1  |     resp = self._pool.handle_request(req)
question_generator-1  |            ^^^^^^^^^^^^^^^^^^^^^^^^^^^^^^
question_generator-1  |   File "/usr/local/lib/python3.12/site-packages/httpcore/_sync/connection_pool.py", line 216, in handle_request
question_generator-1  |     raise exc from None
question_generator-1  |   File "/usr/local/lib/python3.12/site-packages/httpcore/_sync/connection_pool.py", line 196, in handle_request
question_generator-1  |     response = connection.handle_request(
question_generator-1  |                ^^^^^^^^^^^^^^^^^^^^^^^^^^
question_generator-1  |   File "/usr/local/lib/python3.12/site-packages/httpcore/_sync/connection.py", line 101, in handle_request
question_generator-1  |     return self._connection.handle_request(request)
question_generator-1  |            ^^^^^^^^^^^^^^^^^^^^^^^^^^^^^^^^^^^^^^^^
question_generator-1  |   File "/usr/local/lib/python3.12/site-packages/httpcore/_sync/http11.py", line 143, in handle_request
question_generator-1  |     raise exc
question_generator-1  |   File "/usr/local/lib/python3.12/site-packages/httpcore/_sync/http11.py", line 113, in handle_request
question_generator-1  |     ) = self._receive_response_headers(**kwargs)
question_generator-1  |         ^^^^^^^^^^^^^^^^^^^^^^^^^^^^^^^^^^^^^^^^
question_generator-1  |   File "/usr/local/lib/python3.12/site-packages/httpcore/_sync/http11.py", line 186, in _receive_response_headers
question_generator-1  |     event = self._receive_event(timeout=timeout)
question_generator-1  |             ^^^^^^^^^^^^^^^^^^^^^^^^^^^^^^^^^^^^
question_generator-1  |   File "/usr/local/lib/python3.12/site-packages/httpcore/_sync/http11.py", line 238, in _receive_event
question_generator-1  |     raise RemoteProtocolError(msg)
question_generator-1  | httpcore.RemoteProtocolError: Server disconnected without sending a response.
question_generator-1  | 
question_generator-1  | The above exception was the direct cause of the following exception:
question_generator-1  | 
question_generator-1  | Traceback (most recent call last):
question_generator-1  |   File "/usr/local/lib/python3.12/site-packages/openai/_base_client.py", line 973, in _request
question_generator-1  |     response = self._client.send(
question_generator-1  |                ^^^^^^^^^^^^^^^^^^
question_generator-1  |   File "/usr/local/lib/python3.12/site-packages/httpx/_client.py", line 914, in send
question_generator-1  |     response = self._send_handling_auth(
question_generator-1  |                ^^^^^^^^^^^^^^^^^^^^^^^^^
question_generator-1  |   File "/usr/local/lib/python3.12/site-packages/httpx/_client.py", line 942, in _send_handling_auth
question_generator-1  |     response = self._send_handling_redirects(
question_generator-1  |                ^^^^^^^^^^^^^^^^^^^^^^^^^^^^^^
question_generator-1  |   File "/usr/local/lib/python3.12/site-packages/httpx/_client.py", line 979, in _send_handling_redirects
question_generator-1  |     response = self._send_single_request(request)
question_generator-1  |                ^^^^^^^^^^^^^^^^^^^^^^^^^^^^^^^^^^
question_generator-1  |   File "/usr/local/lib/python3.12/site-packages/httpx/_client.py", line 1015, in _send_single_request
question_generator-1  |     response = transport.handle_request(request)
question_generator-1  |                ^^^^^^^^^^^^^^^^^^^^^^^^^^^^^^^^^
question_generator-1  |   File "/usr/local/lib/python3.12/site-packages/httpx/_transports/default.py", line 232, in handle_request
question_generator-1  |     with map_httpcore_exceptions():
question_generator-1  |          ^^^^^^^^^^^^^^^^^^^^^^^^^
question_generator-1  |   File "/usr/local/lib/python3.12/contextlib.py", line 158, in __exit__
question_generator-1  |     self.gen.throw(value)
question_generator-1  |   File "/usr/local/lib/python3.12/site-packages/httpx/_transports/default.py", line 86, in map_httpcore_exceptions
question_generator-1  |     raise mapped_exc(message) from exc
question_generator-1  | httpx.RemoteProtocolError: Server disconnected without sending a response.
question_generator-1  | 
question_generator-1  | The above exception was the direct cause of the following exception:
question_generator-1  | 
question_generator-1  | Traceback (most recent call last):
question_generator-1  |   File "/app/backend/question_generator.py", line 130, in generate_daily_questions
question_generator-1  |     await question_gen.process_article()
question_generator-1  |   File "/app/backend/question_generator.py", line 102, in process_article
question_generator-1  |     self.generate_questions_for_chunk(chunk)
question_generator-1  |   File "/app/backend/question_generator.py", line 63, in generate_questions_for_chunk
question_generator-1  |     synthesized_text = self.model.invoke(chat_prompt_formatted.to_messages()).content
question_generator-1  |                        ^^^^^^^^^^^^^^^^^^^^^^^^^^^^^^^^^^^^^^^^^^^^^^^^^^^^^^
question_generator-1  |   File "/usr/local/lib/python3.12/site-packages/langchain_core/language_models/chat_models.py", line 166, in invoke
question_generator-1  |     self.generate_prompt(
question_generator-1  |   File "/usr/local/lib/python3.12/site-packages/langchain_core/language_models/chat_models.py", line 544, in generate_prompt
question_generator-1  |     return self.generate(prompt_messages, stop=stop, callbacks=callbacks, **kwargs)
question_generator-1  |            ^^^^^^^^^^^^^^^^^^^^^^^^^^^^^^^^^^^^^^^^^^^^^^^^^^^^^^^^^^^^^^^^^^^^^^^^
question_generator-1  |   File "/usr/local/lib/python3.12/site-packages/langchain_core/language_models/chat_models.py", line 408, in generate
question_generator-1  |     raise e
question_generator-1  |   File "/usr/local/lib/python3.12/site-packages/langchain_core/language_models/chat_models.py", line 398, in generate
question_generator-1  |     self._generate_with_cache(
question_generator-1  |   File "/usr/local/lib/python3.12/site-packages/langchain_core/language_models/chat_models.py", line 577, in _generate_with_cache
question_generator-1  |     return self._generate(
question_generator-1  |            ^^^^^^^^^^^^^^^
question_generator-1  |   File "/usr/local/lib/python3.12/site-packages/langchain_openai/chat_models/base.py", line 451, in _generate
question_generator-1  |     response = self.client.create(messages=message_dicts, **params)
question_generator-1  |                ^^^^^^^^^^^^^^^^^^^^^^^^^^^^^^^^^^^^^^^^^^^^^^^^^^^^
question_generator-1  |   File "/usr/local/lib/python3.12/site-packages/openai/_utils/_utils.py", line 274, in wrapper
question_generator-1  |     return func(*args, **kwargs)
question_generator-1  |            ^^^^^^^^^^^^^^^^^^^^^
question_generator-1  |   File "/usr/local/lib/python3.12/site-packages/openai/resources/chat/completions.py", line 668, in create
question_generator-1  |     return self._post(
question_generator-1  |            ^^^^^^^^^^^
question_generator-1  |   File "/usr/local/lib/python3.12/site-packages/openai/_base_client.py", line 1260, in post
question_generator-1  |     return cast(ResponseT, self.request(cast_to, opts, stream=stream, stream_cls=stream_cls))
question_generator-1  |                            ^^^^^^^^^^^^^^^^^^^^^^^^^^^^^^^^^^^^^^^^^^^^^^^^^^^^^^^^^^^^^^^^^
question_generator-1  |   File "/usr/local/lib/python3.12/site-packages/openai/_base_client.py", line 937, in request
question_generator-1  |     return self._request(
question_generator-1  |            ^^^^^^^^^^^^^^
question_generator-1  |   File "/usr/local/lib/python3.12/site-packages/openai/_base_client.py", line 997, in _request
question_generator-1  |     return self._retry_request(
question_generator-1  |            ^^^^^^^^^^^^^^^^^^^^
question_generator-1  |   File "/usr/local/lib/python3.12/site-packages/openai/_base_client.py", line 1075, in _retry_request
question_generator-1  |     return self._request(
question_generator-1  |            ^^^^^^^^^^^^^^
question_generator-1  |   File "/usr/local/lib/python3.12/site-packages/openai/_base_client.py", line 997, in _request
question_generator-1  |     return self._retry_request(
question_generator-1  |            ^^^^^^^^^^^^^^^^^^^^
question_generator-1  |   File "/usr/local/lib/python3.12/site-packages/openai/_base_client.py", line 1075, in _retry_request
question_generator-1  |     return self._request(
question_generator-1  |            ^^^^^^^^^^^^^^
question_generator-1  |   File "/usr/local/lib/python3.12/site-packages/openai/_base_client.py", line 1007, in _request
question_generator-1  |     raise APIConnectionError(request=request) from err
question_generator-1  | openai.APIConnectionError: Connection error.
question_generator-1  | 2025-02-11 01:12:42,800 - ERROR - Error in daily question generation: Connection error.
web-1                 | 172.18.0.1 - - [11/Feb/2025 13:57:16] "GET / HTTP/1.1" 200 -
web-1                 | 172.18.0.1 - - [11/Feb/2025 13:57:16] "GET /static/css/style.css HTTP/1.1" 304 -
web-1                 | 172.18.0.1 - - [11/Feb/2025 13:57:16] "GET /static/js/main.js HTTP/1.1" 304 -
web-1                 | 172.18.0.1 - - [11/Feb/2025 13:57:16] "GET /get_user_scores HTTP/1.1" 200 -
web-1                 | User authenticated: True
web-1                 | Current user: 2
web-1                 | 172.18.0.1 - - [11/Feb/2025 13:57:17] "GET /get_questions HTTP/1.1" 404 -
web-1                 | Error generating questions: attempted relative import with no known parent package
web-1                 | 172.18.0.1 - - [11/Feb/2025 13:57:20] "GET / HTTP/1.1" 200 -
web-1                 | 172.18.0.1 - - [11/Feb/2025 13:57:20] "GET /static/css/style.css HTTP/1.1" 304 -
web-1                 | 172.18.0.1 - - [11/Feb/2025 13:57:20] "GET /static/js/main.js HTTP/1.1" 304 -
web-1                 | 172.18.0.1 - - [11/Feb/2025 13:57:20] "GET /get_user_scores HTTP/1.1" 200 -
web-1                 | 172.18.0.1 - - [11/Feb/2025 13:57:21] "GET /logout HTTP/1.1" 200 -
web-1                 | 172.18.0.1 - - [11/Feb/2025 13:57:21] "GET / HTTP/1.1" 200 -
web-1                 | 172.18.0.1 - - [11/Feb/2025 13:57:21] "GET /static/css/style.css HTTP/1.1" 304 -
web-1                 | 172.18.0.1 - - [11/Feb/2025 13:57:21] "GET /static/js/main.js HTTP/1.1" 304 -
web-1                 | 172.18.0.1 - - [11/Feb/2025 13:57:22] "GET /login HTTP/1.1" 200 -
web-1                 | 172.18.0.1 - - [11/Feb/2025 13:57:22] "GET /static/css/style.css HTTP/1.1" 304 -
web-1                 | 172.18.0.1 - - [11/Feb/2025 13:57:22] "GET /static/js/main.js HTTP/1.1" 304 -
web-1                 | 172.18.0.1 - - [11/Feb/2025 13:57:28] "POST /login HTTP/1.1" 200 -
web-1                 | 172.18.0.1 - - [11/Feb/2025 13:57:28] "GET / HTTP/1.1" 200 -
web-1                 | 172.18.0.1 - - [11/Feb/2025 13:57:28] "GET /static/js/main.js HTTP/1.1" 304 -
web-1                 | 172.18.0.1 - - [11/Feb/2025 13:57:28] "GET /static/css/style.css HTTP/1.1" 304 -
web-1                 | 172.18.0.1 - - [11/Feb/2025 13:57:28] "GET /get_user_scores HTTP/1.1" 200 -
web-1                 | User authenticated: True
web-1                 | Current user: 1
web-1                 | Error generating questions: attempted relative import with no known parent package
web-1                 | 172.18.0.1 - - [11/Feb/2025 13:57:29] "GET /get_questions HTTP/1.1" 404 -
web-1                 | 172.18.0.1 - - [11/Feb/2025 13:59:19] "GET / HTTP/1.1" 200 -
web-1                 | 172.18.0.1 - - [11/Feb/2025 13:59:19] "GET /static/css/style.css HTTP/1.1" 304 -
web-1                 | 172.18.0.1 - - [11/Feb/2025 13:59:19] "GET /static/js/main.js HTTP/1.1" 304 -
web-1                 | 172.18.0.1 - - [11/Feb/2025 13:59:19] "GET /get_user_scores HTTP/1.1" 200 -
web-1                 | User authenticated: True
web-1                 | Current user: 1
web-1                 | Error generating questions: attempted relative import with no known parent package
web-1                 | 172.18.0.1 - - [11/Feb/2025 13:59:21] "GET /get_questions HTTP/1.1" 404 -
web-1                 | User authenticated: True
web-1                 | Current user: 1
web-1                 | Error generating questions: attempted relative import with no known parent package
web-1                 | 172.18.0.1 - - [11/Feb/2025 14:21:54] "GET /get_questions HTTP/1.1" 404 -
web-1                 | User authenticated: True
web-1                 | Current user: 1
web-1                 | Error generating questions: attempted relative import with no known parent package
web-1                 | 172.18.0.1 - - [11/Feb/2025 17:51:26] "GET /get_questions HTTP/1.1" 404 -
web-1                 | 172.18.0.1 - - [11/Feb/2025 17:51:26] "GET / HTTP/1.1" 200 -
web-1                 | 172.18.0.1 - - [11/Feb/2025 17:51:27] "GET /static/js/main.js HTTP/1.1" 200 -
web-1                 | 172.18.0.1 - - [11/Feb/2025 17:51:27] "GET /static/css/style.css HTTP/1.1" 200 -
web-1                 | 172.18.0.1 - - [11/Feb/2025 17:51:27] "GET /get_user_scores HTTP/1.1" 200 -
web-1                 | User authenticated: True
web-1                 | Current user: 1
web-1                 | Error generating questions: attempted relative import with no known parent package
web-1                 | 172.18.0.1 - - [11/Feb/2025 17:51:29] "GET /get_questions HTTP/1.1" 404 -
question_generator-1  | 2025-02-12 00:42:48,923 - INFO - Starting daily question generation for 2025-02-12
question_generator-1  | 2025-02-12 00:42:48,938 - INFO - Wikipedia: language=en, user_agent: DailyTriviaAI/1.0 (https://github.com/robinsanders/daily_trivia_ai; contact@dailytriviaai.com) (Wikipedia-API/0.6.0; https://github.com/martin-majlis/Wikipedia-API/), extract_format=1
question_generator-1  | 2025-02-12 00:42:48,940 - INFO - Initializing ChatOpenAI...
question_generator-1  | 2025-02-12 00:42:48,988 - INFO - ChatOpenAI initialized successfully
question_generator-1  | 2025-02-12 00:42:48,988 - INFO - Fetching random Wikipedia article...
question_generator-1  | 2025-02-12 00:42:48,988 - INFO - Fetching random Wikipedia article
question_generator-1  | 2025-02-12 00:42:48,989 - INFO - Trying category: Pirates
question_generator-1  | 2025-02-12 00:42:49,322 - INFO - Request URL: https://en.wikipedia.org/w/api.php?action=query&prop=info&titles=Petro-piracy in the Gulf of Guinea&inprop=protection|talkid|watched|watchers|visitingwatchers|notificationtimestamp|subjectid|url|readable|preload|displaytitle
question_generator-1  | 2025-02-12 00:42:49,553 - INFO - Request URL: https://en.wikipedia.org/w/api.php?action=query&prop=extracts&titles=Petro-piracy in the Gulf of Guinea&explaintext=1&exsectionformat=wiki
question_generator-1  | 2025-02-12 00:42:49,652 - INFO - Selected article: Petro-piracy in the Gulf of Guinea
question_generator-1  | 2025-02-12 00:42:49,652 - INFO - Processing article content...
question_generator-1  | 2025-02-12 00:42:49,652 - INFO - Processing text of length 28419
question_generator-1  | 2025-02-12 00:42:49,672 - INFO - Split into 1 chunks
question_generator-1  | 2025-02-12 00:42:49,672 - INFO - Processing chunk 1 of 1
question_generator-1  | 2025-02-12 00:42:54,909 - INFO - HTTP Request: POST https://api.openai.com/v1/chat/completions "HTTP/1.1 200 OK"
question_generator-1  | 2025-02-12 01:00:55,931 - INFO - Retrying request to /chat/completions in 0.815824 seconds
question_generator-1  | 2025-02-12 01:01:06,473 - INFO - HTTP Request: POST https://api.openai.com/v1/chat/completions "HTTP/1.1 200 OK"
question_generator-1  | 2025-02-12 01:01:06,477 - INFO - Generated 5 questions from chunk
question_generator-1  | 2025-02-12 01:01:06,477 - INFO - Generated total of 5 questions
question_generator-1  | 2025-02-12 01:01:06,487 - INFO - Successfully stored questions for 2025-02-12
question_generator-1  | 2025-02-12 01:01:06,487 - INFO - Generated 5 questions from article: Petro-piracy in the Gulf of Guinea
web-1                 | User authenticated: True
web-1                 | Current user: 1
web-1                 | 172.18.0.1 - - [12/Feb/2025 14:06:02] "GET /get_questions HTTP/1.1" 200 -
web-1                 | 172.18.0.1 - - [12/Feb/2025 14:06:15] "GET /static/sounds/correct.mp3 HTTP/1.1" 404 -
web-1                 | 172.18.0.1 - - [12/Feb/2025 14:06:23] "GET /static/sounds/correct.mp3 HTTP/1.1" 404 -
web-1                 | 172.18.0.1 - - [12/Feb/2025 14:06:29] "GET /static/sounds/correct.mp3 HTTP/1.1" 404 -
web-1                 | 172.18.0.1 - - [12/Feb/2025 14:06:42] "GET /static/sounds/correct.mp3 HTTP/1.1" 404 -
web-1                 | 172.18.0.1 - - [12/Feb/2025 14:06:48] "GET /static/sounds/correct.mp3 HTTP/1.1" 404 -
web-1                 | 172.18.0.1 - - [12/Feb/2025 14:06:48] "GET /get_user_scores HTTP/1.1" 200 -
web-1                 | 172.18.0.1 - - [12/Feb/2025 14:06:48] "POST /submit_score HTTP/1.1" 200 -
web-1                 | 172.18.0.1 - - [12/Feb/2025 14:06:54] "GET / HTTP/1.1" 200 -
web-1                 | 172.18.0.1 - - [12/Feb/2025 14:06:54] "GET /static/css/style.css HTTP/1.1" 200 -
web-1                 | 172.18.0.1 - - [12/Feb/2025 14:06:54] "GET /static/js/main.js HTTP/1.1" 200 -
web-1                 | 172.18.0.1 - - [12/Feb/2025 14:06:54] "GET /get_user_scores HTTP/1.1" 200 -
web-1                 | User authenticated: True
web-1                 | Current user: 1
web-1                 | 172.18.0.1 - - [12/Feb/2025 14:06:56] "GET /get_questions HTTP/1.1" 200 -
web-1                 | 172.18.0.1 - - [12/Feb/2025 14:06:57] "GET /static/sounds/correct.mp3 HTTP/1.1" 404 -
web-1                 | 172.18.0.1 - - [12/Feb/2025 14:06:58] "GET /static/sounds/correct.mp3 HTTP/1.1" 404 -
web-1                 | 172.18.0.1 - - [12/Feb/2025 14:07:00] "GET /static/sounds/correct.mp3 HTTP/1.1" 404 -
web-1                 | 172.18.0.1 - - [12/Feb/2025 14:07:01] "GET /static/sounds/correct.mp3 HTTP/1.1" 404 -
web-1                 | 172.18.0.1 - - [12/Feb/2025 14:07:03] "GET /static/sounds/correct.mp3 HTTP/1.1" 404 -
web-1                 | 172.18.0.1 - - [12/Feb/2025 14:07:03] "POST /submit_score HTTP/1.1" 400 -
web-1                 | 172.18.0.1 - - [12/Feb/2025 14:07:03] "GET /get_user_scores HTTP/1.1" 200 -
web-1                 |  * Detected change in '/app/backend/question_generator.py', reloading
web-1                 |  * Restarting with stat
web-1                 |  * Debugger is active!
web-1                 |  * Debugger PIN: 144-455-090
web-1                 |  * Detected change in '/app/backend/question_generator.py', reloading
web-1                 |  * Restarting with stat
web-1                 |  * Debugger is active!
web-1                 |  * Debugger PIN: 144-455-090
web-1                 |  * Detected change in '/app/backend/question_generator.py', reloading
web-1                 |  * Restarting with stat
web-1                 |  * Debugger is active!
web-1                 |  * Debugger PIN: 144-455-090
question_generator-1  | 2025-02-13 01:15:11,392 - INFO - Starting daily question generation for 2025-02-13
question_generator-1  | 2025-02-13 01:15:11,407 - INFO - Wikipedia: language=en, user_agent: DailyTriviaAI/1.0 (https://github.com/robinsanders/daily_trivia_ai; contact@dailytriviaai.com) (Wikipedia-API/0.6.0; https://github.com/martin-majlis/Wikipedia-API/), extract_format=1
question_generator-1  | 2025-02-13 01:15:11,408 - INFO - Initializing ChatOpenAI...
question_generator-1  | 2025-02-13 01:15:11,449 - INFO - ChatOpenAI initialized successfully
question_generator-1  | 2025-02-13 01:15:11,449 - INFO - Fetching random Wikipedia article...
question_generator-1  | 2025-02-13 01:15:11,450 - INFO - Fetching random Wikipedia article
question_generator-1  | 2025-02-13 01:15:11,450 - INFO - Trying category: Personal_finance
question_generator-1  | 2025-02-13 01:15:11,757 - INFO - Request URL: https://en.wikipedia.org/w/api.php?action=query&prop=info&titles=Car costs&inprop=protection|talkid|watched|watchers|visitingwatchers|notificationtimestamp|subjectid|url|readable|preload|displaytitle
question_generator-1  | 2025-02-13 01:15:12,004 - INFO - Request URL: https://en.wikipedia.org/w/api.php?action=query&prop=extracts&titles=Car costs&explaintext=1&exsectionformat=wiki
question_generator-1  | 2025-02-13 01:15:12,080 - INFO - Selected article: Car costs
question_generator-1  | 2025-02-13 01:15:12,081 - INFO - Processing article content...
question_generator-1  | 2025-02-13 01:15:12,081 - INFO - Processing text of length 6637
question_generator-1  | 2025-02-13 01:15:12,093 - INFO - Split into 1 chunks
question_generator-1  | 2025-02-13 01:15:12,093 - INFO - Processing chunk 1 of 1
question_generator-1  | 2025-02-13 01:15:27,333 - INFO - Retrying request to /chat/completions in 0.934898 seconds
question_generator-1  | 2025-02-13 01:45:43,457 - INFO - HTTP Request: POST https://api.openai.com/v1/chat/completions "HTTP/1.1 200 OK"
question_generator-1  | 2025-02-13 01:59:11,370 - INFO - Retrying request to /chat/completions in 0.821621 seconds
question_generator-1  | 2025-02-13 01:59:23,814 - INFO - HTTP Request: POST https://api.openai.com/v1/chat/completions "HTTP/1.1 200 OK"
question_generator-1  | 2025-02-13 01:59:23,818 - INFO - Generated 9 questions from chunk
question_generator-1  | 2025-02-13 01:59:23,818 - INFO - Generated total of 9 questions
question_generator-1  | 2025-02-13 01:59:23,826 - INFO - Successfully stored questions for 2025-02-13
question_generator-1  | 2025-02-13 01:59:23,826 - INFO - Generated 9 questions from article: Car costs
web-1                 | 172.18.0.1 - - [13/Feb/2025 07:59:27] "GET / HTTP/1.1" 200 -
web-1                 | 172.18.0.1 - - [13/Feb/2025 07:59:27] "GET /static/css/style.css HTTP/1.1" 200 -
web-1                 | 172.18.0.1 - - [13/Feb/2025 07:59:27] "GET /static/js/main.js HTTP/1.1" 200 -
web-1                 | 172.18.0.1 - - [13/Feb/2025 07:59:27] "GET /get_user_scores HTTP/1.1" 200 -
web-1                 | User authenticated: True
web-1                 | Current user: 1
web-1                 | 172.18.0.1 - - [13/Feb/2025 07:59:28] "GET /get_questions HTTP/1.1" 200 -
web-1                 | 172.18.0.1 - - [13/Feb/2025 07:59:52] "GET /static/sounds/correct.mp3 HTTP/1.1" 404 -
web-1                 | 172.18.0.1 - - [13/Feb/2025 07:59:57] "GET /static/sounds/correct.mp3 HTTP/1.1" 404 -
web-1                 | 172.18.0.1 - - [13/Feb/2025 08:00:06] "GET /static/sounds/correct.mp3 HTTP/1.1" 404 -
web-1                 | 172.18.0.1 - - [13/Feb/2025 08:00:12] "GET /static/sounds/correct.mp3 HTTP/1.1" 404 -
web-1                 | 172.18.0.1 - - [13/Feb/2025 08:00:22] "GET /static/sounds/correct.mp3 HTTP/1.1" 404 -
web-1                 | 172.18.0.1 - - [13/Feb/2025 08:00:40] "GET /static/sounds/correct.mp3 HTTP/1.1" 404 -
web-1                 | 172.18.0.1 - - [13/Feb/2025 08:00:44] "GET /static/sounds/correct.mp3 HTTP/1.1" 404 -
web-1                 | 172.18.0.1 - - [13/Feb/2025 08:00:47] "GET /static/sounds/correct.mp3 HTTP/1.1" 404 -
web-1                 | 172.18.0.1 - - [13/Feb/2025 08:00:54] "GET /static/sounds/correct.mp3 HTTP/1.1" 404 -
web-1                 | 172.18.0.1 - - [13/Feb/2025 08:00:54] "POST /submit_score HTTP/1.1" 200 -
web-1                 | 172.18.0.1 - - [13/Feb/2025 08:00:54] "GET /get_user_scores HTTP/1.1" 200 -
web-1                 | 172.18.0.1 - - [13/Feb/2025 08:00:58] "GET / HTTP/1.1" 200 -
web-1                 | 172.18.0.1 - - [13/Feb/2025 08:00:58] "GET /static/js/main.js HTTP/1.1" 200 -
web-1                 | 172.18.0.1 - - [13/Feb/2025 08:00:58] "GET /static/css/style.css HTTP/1.1" 200 -
web-1                 | 172.18.0.1 - - [13/Feb/2025 08:00:58] "GET /get_user_scores HTTP/1.1" 200 -
question_generator-1  | 2025-02-14 00:07:30,858 - INFO - Starting daily question generation for 2025-02-14
question_generator-1  | 2025-02-14 00:07:30,872 - INFO - Wikipedia: language=en, user_agent: DailyTriviaAI/1.0 (https://github.com/robinsanders/daily_trivia_ai; contact@dailytriviaai.com) (Wikipedia-API/0.6.0; https://github.com/martin-majlis/Wikipedia-API/), extract_format=1
question_generator-1  | 2025-02-14 00:07:30,874 - INFO - Initializing ChatOpenAI...
question_generator-1  | 2025-02-14 00:07:30,920 - INFO - ChatOpenAI initialized successfully
question_generator-1  | 2025-02-14 00:07:30,920 - INFO - Fetching random Wikipedia article...
question_generator-1  | 2025-02-14 00:07:30,920 - INFO - Fetching random Wikipedia article
question_generator-1  | 2025-02-14 00:07:30,921 - INFO - Trying category: Personal_finance
question_generator-1  | 2025-02-14 00:07:47,221 - WARNING - Error getting category members: ('Connection aborted.', RemoteDisconnected('Remote end closed connection without response'))
question_generator-1  | 2025-02-14 00:07:47,221 - WARNING - No articles found in category: Personal_finance
question_generator-1  | 2025-02-14 00:07:47,221 - INFO - Trying category: Pirates
question_generator-1  | 2025-02-14 00:07:47,633 - INFO - Request URL: https://en.wikipedia.org/w/api.php?action=query&prop=info&titles=Oyster Wars&inprop=protection|talkid|watched|watchers|visitingwatchers|notificationtimestamp|subjectid|url|readable|preload|displaytitle
question_generator-1  | 2025-02-14 00:07:47,999 - INFO - Request URL: https://en.wikipedia.org/w/api.php?action=query&prop=extracts&titles=Oyster Wars&explaintext=1&exsectionformat=wiki
question_generator-1  | 2025-02-14 00:39:28,532 - INFO - Selected article: Oyster Wars
question_generator-1  | 2025-02-14 00:39:28,532 - INFO - Processing article content...
question_generator-1  | 2025-02-14 00:39:28,532 - INFO - Processing text of length 4115
question_generator-1  | 2025-02-14 00:39:28,545 - INFO - Split into 1 chunks
question_generator-1  | 2025-02-14 00:39:28,545 - INFO - Processing chunk 1 of 1
question_generator-1  | 2025-02-14 01:15:07,400 - INFO - Retrying request to /chat/completions in 0.918036 seconds
question_generator-1  | 2025-02-14 01:15:12,953 - INFO - HTTP Request: POST https://api.openai.com/v1/chat/completions "HTTP/1.1 200 OK"
question_generator-1  | 2025-02-14 01:15:28,592 - INFO - Retrying request to /chat/completions in 0.753616 seconds
question_generator-1  | 2025-02-14 01:47:50,068 - INFO - Retrying request to /chat/completions in 1.514803 seconds
question_generator-1  | 2025-02-14 01:47:57,278 - INFO - HTTP Request: POST https://api.openai.com/v1/chat/completions "HTTP/1.1 200 OK"
question_generator-1  | 2025-02-14 01:47:57,281 - INFO - Generated 5 questions from chunk
question_generator-1  | 2025-02-14 01:47:57,281 - INFO - Generated total of 5 questions
question_generator-1  | 2025-02-14 01:47:57,289 - INFO - Successfully stored questions for 2025-02-14
question_generator-1  | 2025-02-14 01:47:57,289 - INFO - Generated 5 questions from article: Oyster Wars
web-1                 | 172.18.0.1 - - [14/Feb/2025 15:08:19] "GET / HTTP/1.1" 200 -
web-1                 | 172.18.0.1 - - [14/Feb/2025 15:08:19] "GET /static/css/style.css HTTP/1.1" 200 -
web-1                 | 172.18.0.1 - - [14/Feb/2025 15:08:19] "GET /static/js/main.js HTTP/1.1" 200 -
web-1                 | 172.18.0.1 - - [14/Feb/2025 15:08:19] "GET /get_user_scores HTTP/1.1" 200 -
web-1                 | User authenticated: True
web-1                 | Current user: 1
web-1                 | 172.18.0.1 - - [14/Feb/2025 15:08:21] "GET /get_questions HTTP/1.1" 200 -
web-1                 | 172.18.0.1 - - [14/Feb/2025 15:08:25] "GET / HTTP/1.1" 200 -
web-1                 | 172.18.0.1 - - [14/Feb/2025 15:08:25] "GET /static/css/style.css HTTP/1.1" 200 -
web-1                 | 172.18.0.1 - - [14/Feb/2025 15:08:25] "GET /static/js/main.js HTTP/1.1" 200 -
web-1                 | 172.18.0.1 - - [14/Feb/2025 15:08:25] "GET /get_user_scores HTTP/1.1" 200 -
web-1                 | User authenticated: True
web-1                 | Current user: 1
web-1                 | 172.18.0.1 - - [14/Feb/2025 15:08:39] "GET /get_questions HTTP/1.1" 200 -
web-1                 | 172.18.0.1 - - [14/Feb/2025 15:09:35] "GET /static/sounds/correct.mp3 HTTP/1.1" 404 -
web-1                 | 172.18.0.1 - - [14/Feb/2025 15:09:59] "GET /static/sounds/correct.mp3 HTTP/1.1" 404 -
web-1                 | 172.18.0.1 - - [14/Feb/2025 15:11:31] "GET /static/sounds/correct.mp3 HTTP/1.1" 404 -
web-1                 | 172.18.0.1 - - [14/Feb/2025 15:11:45] "GET /static/sounds/wrong.mp3 HTTP/1.1" 404 -
web-1                 | 172.18.0.1 - - [14/Feb/2025 15:12:36] "GET /static/sounds/wrong.mp3 HTTP/1.1" 404 -
web-1                 | 172.18.0.1 - - [14/Feb/2025 15:12:36] "GET /get_user_scores HTTP/1.1" 200 -
web-1                 | 172.18.0.1 - - [14/Feb/2025 15:12:36] "POST /submit_score HTTP/1.1" 200 -
web-1                 | 172.18.0.1 - - [14/Feb/2025 15:16:55] "GET / HTTP/1.1" 200 -
web-1                 | 172.18.0.1 - - [14/Feb/2025 15:16:55] "GET /static/css/style.css HTTP/1.1" 200 -
web-1                 | 172.18.0.1 - - [14/Feb/2025 15:16:55] "GET /static/js/main.js HTTP/1.1" 200 -
web-1                 | 172.18.0.1 - - [14/Feb/2025 15:16:55] "GET /get_user_scores HTTP/1.1" 200 -
web-1                 |  * Detected change in '/app/backend/app.py', reloading
web-1                 |  * Restarting with stat
web-1                 |  * Debugger is active!
web-1                 |  * Debugger PIN: 144-455-090
web-1                 | 172.18.0.1 - - [14/Feb/2025 15:43:09] "GET / HTTP/1.1" 200 -
web-1                 | 172.18.0.1 - - [14/Feb/2025 15:43:09] "GET /static/css/style.css HTTP/1.1" 200 -
web-1                 | 172.18.0.1 - - [14/Feb/2025 15:43:09] "GET /static/js/main.js HTTP/1.1" 200 -
web-1                 | 172.18.0.1 - - [14/Feb/2025 15:43:09] "GET /get_user_scores HTTP/1.1" 200 -
web-1                 | 172.18.0.1 - - [14/Feb/2025 15:43:14] "GET /profile HTTP/1.1" 200 -
web-1                 | 172.18.0.1 - - [14/Feb/2025 15:43:14] "GET /static/css/style.css HTTP/1.1" 200 -
web-1                 | 172.18.0.1 - - [14/Feb/2025 15:43:14] "GET /static/js/main.js HTTP/1.1" 200 -
web-1                 | 172.18.0.1 - - [14/Feb/2025 15:43:15] "GET /get_user_scores HTTP/1.1" 200 -
web-1                 | 172.18.0.1 - - [14/Feb/2025 15:43:15] "GET /get_user_scores HTTP/1.1" 200 -
web-1                 | 172.18.0.1 - - [14/Feb/2025 15:50:37] "GET /profile HTTP/1.1" 200 -
web-1                 | 172.18.0.1 - - [14/Feb/2025 15:50:37] "GET /static/css/style.css HTTP/1.1" 200 -
web-1                 | 172.18.0.1 - - [14/Feb/2025 15:50:37] "GET /static/js/main.js HTTP/1.1" 200 -
web-1                 | 172.18.0.1 - - [14/Feb/2025 15:50:37] "GET /get_user_scores HTTP/1.1" 200 -
web-1                 | 172.18.0.1 - - [14/Feb/2025 15:50:37] "GET /get_user_scores HTTP/1.1" 200 -
web-1                 | 172.18.0.1 - - [14/Feb/2025 15:50:38] "GET / HTTP/1.1" 200 -
web-1                 | 172.18.0.1 - - [14/Feb/2025 15:50:38] "GET /static/css/style.css HTTP/1.1" 304 -
web-1                 | 172.18.0.1 - - [14/Feb/2025 15:50:38] "GET /static/js/main.js HTTP/1.1" 304 -
web-1                 | 172.18.0.1 - - [14/Feb/2025 15:50:38] "GET /get_user_scores HTTP/1.1" 200 -
web-1                 | 172.18.0.1 - - [14/Feb/2025 15:50:41] "GET /profile HTTP/1.1" 200 -
web-1                 | 172.18.0.1 - - [14/Feb/2025 15:50:41] "GET /static/css/style.css HTTP/1.1" 304 -
web-1                 | 172.18.0.1 - - [14/Feb/2025 15:50:41] "GET /static/js/main.js HTTP/1.1" 304 -
web-1                 | 172.18.0.1 - - [14/Feb/2025 15:50:41] "GET /get_user_scores HTTP/1.1" 200 -
web-1                 | 172.18.0.1 - - [14/Feb/2025 15:50:41] "GET /get_user_scores HTTP/1.1" 200 -
web-1                 | 172.18.0.1 - - [14/Feb/2025 15:51:12] "GET / HTTP/1.1" 200 -
web-1                 | 172.18.0.1 - - [14/Feb/2025 15:51:12] "GET /static/js/main.js HTTP/1.1" 304 -
web-1                 | 172.18.0.1 - - [14/Feb/2025 15:51:12] "GET /static/css/style.css HTTP/1.1" 304 -
web-1                 | 172.18.0.1 - - [14/Feb/2025 15:51:12] "GET /get_user_scores HTTP/1.1" 200 -
web-1                 | User authenticated: True
web-1                 | Current user: 1
web-1                 | 172.18.0.1 - - [14/Feb/2025 15:51:14] "GET /get_questions HTTP/1.1" 200 -
web-1                 | 172.18.0.1 - - [14/Feb/2025 15:51:28] "GET /static/sounds/wrong.mp3 HTTP/1.1" 404 -
web-1                 | 172.18.0.1 - - [14/Feb/2025 15:52:32] "GET /static/sounds/correct.mp3 HTTP/1.1" 404 -
web-1                 | 172.18.0.1 - - [14/Feb/2025 15:56:25] "GET /static/sounds/correct.mp3 HTTP/1.1" 404 -
web-1                 | 172.18.0.1 - - [14/Feb/2025 15:57:48] "GET /static/sounds/correct.mp3 HTTP/1.1" 404 -
web-1                 | 172.18.0.1 - - [14/Feb/2025 15:58:18] "GET /static/sounds/wrong.mp3 HTTP/1.1" 404 -
web-1                 | 172.18.0.1 - - [14/Feb/2025 15:58:18] "GET /get_user_scores HTTP/1.1" 200 -
web-1                 | 172.18.0.1 - - [14/Feb/2025 15:58:18] "POST /submit_score HTTP/1.1" 400 -
question_generator-1  | 2025-02-15 00:06:40,989 - INFO - Starting daily question generation for 2025-02-15
question_generator-1  | 2025-02-15 00:06:41,010 - INFO - Wikipedia: language=en, user_agent: DailyTriviaAI/1.0 (https://github.com/robinsanders/daily_trivia_ai; contact@dailytriviaai.com) (Wikipedia-API/0.6.0; https://github.com/martin-majlis/Wikipedia-API/), extract_format=1
question_generator-1  | 2025-02-15 00:06:41,011 - INFO - Initializing ChatOpenAI...
question_generator-1  | 2025-02-15 00:06:41,052 - INFO - ChatOpenAI initialized successfully
question_generator-1  | 2025-02-15 00:06:41,052 - INFO - Fetching random Wikipedia article...
question_generator-1  | 2025-02-15 00:06:41,052 - INFO - Fetching random Wikipedia article
question_generator-1  | 2025-02-15 00:06:41,052 - INFO - Trying category: Pirates
question_generator-1  | 2025-02-15 00:06:41,227 - INFO - Request URL: https://en.wikipedia.org/w/api.php?action=query&prop=info&titles=River pirate&inprop=protection|talkid|watched|watchers|visitingwatchers|notificationtimestamp|subjectid|url|readable|preload|displaytitle
question_generator-1  | 2025-02-15 00:06:41,750 - INFO - Request URL: https://en.wikipedia.org/w/api.php?action=query&prop=extracts&titles=River pirate&explaintext=1&exsectionformat=wiki
question_generator-1  | 2025-02-15 00:06:41,860 - INFO - Selected article: River pirate
question_generator-1  | 2025-02-15 00:06:41,860 - INFO - Processing article content...
question_generator-1  | 2025-02-15 00:06:41,860 - INFO - Processing text of length 11144
question_generator-1  | 2025-02-15 00:06:41,875 - INFO - Split into 1 chunks
question_generator-1  | 2025-02-15 00:06:41,875 - INFO - Processing chunk 1 of 1
question_generator-1  | 2025-02-15 00:06:47,028 - INFO - HTTP Request: POST https://api.openai.com/v1/chat/completions "HTTP/1.1 200 OK"
question_generator-1  | 2025-02-15 00:40:12,110 - INFO - Retrying request to /chat/completions in 0.974206 seconds
question_generator-1  | 2025-02-15 00:40:28,280 - INFO - Retrying request to /chat/completions in 1.965789 seconds
question_generator-1  | 2025-02-15 00:40:33,125 - INFO - HTTP Request: POST https://api.openai.com/v1/chat/completions "HTTP/1.1 200 OK"
question_generator-1  | 2025-02-15 00:40:33,129 - INFO - Generated 4 questions from chunk
question_generator-1  | 2025-02-15 00:40:33,129 - INFO - Generated total of 4 questions
question_generator-1  | 2025-02-15 00:40:33,136 - INFO - Successfully stored questions for 2025-02-15
question_generator-1  | 2025-02-15 00:40:33,136 - INFO - Generated 4 questions from article: River pirate
web-1                 | 172.18.0.1 - - [15/Feb/2025 17:43:22] "GET / HTTP/1.1" 200 -
web-1                 | 172.18.0.1 - - [15/Feb/2025 17:43:22] "GET /static/css/style.css HTTP/1.1" 200 -
web-1                 | 172.18.0.1 - - [15/Feb/2025 17:43:22] "GET /static/js/main.js HTTP/1.1" 200 -
web-1                 | 172.18.0.1 - - [15/Feb/2025 17:43:22] "GET /get_user_scores HTTP/1.1" 200 -
web-1                 | User authenticated: True
web-1                 | Current user: 1
web-1                 | 172.18.0.1 - - [15/Feb/2025 17:43:25] "GET /get_questions HTTP/1.1" 200 -
web-1                 | 172.18.0.1 - - [15/Feb/2025 17:43:33] "GET / HTTP/1.1" 200 -
web-1                 | 172.18.0.1 - - [15/Feb/2025 17:43:33] "GET /static/js/main.js HTTP/1.1" 200 -
web-1                 | 172.18.0.1 - - [15/Feb/2025 17:43:33] "GET /static/css/style.css HTTP/1.1" 200 -
web-1                 | 172.18.0.1 - - [15/Feb/2025 17:43:33] "GET /get_user_scores HTTP/1.1" 200 -
web-1                 | User authenticated: True
web-1                 | Current user: 1
web-1                 | 172.18.0.1 - - [15/Feb/2025 17:45:54] "GET /get_questions HTTP/1.1" 200 -
web-1                 | 172.18.0.1 - - [15/Feb/2025 17:46:18] "GET /static/sounds/wrong.mp3 HTTP/1.1" 404 -
web-1                 | 172.18.0.1 - - [15/Feb/2025 17:47:08] "GET /static/sounds/correct.mp3 HTTP/1.1" 404 -
web-1                 | 172.18.0.1 - - [15/Feb/2025 17:47:23] "GET /static/sounds/wrong.mp3 HTTP/1.1" 404 -
web-1                 | 172.18.0.1 - - [15/Feb/2025 17:47:42] "GET /static/sounds/wrong.mp3 HTTP/1.1" 404 -
web-1                 | 172.18.0.1 - - [15/Feb/2025 17:47:42] "GET /get_user_scores HTTP/1.1" 200 -
web-1                 | 172.18.0.1 - - [15/Feb/2025 17:47:42] "POST /submit_score HTTP/1.1" 200 -
question_generator-1  | 2025-02-16 00:55:48,179 - INFO - Starting daily question generation for 2025-02-16
question_generator-1  | 2025-02-16 00:55:48,200 - INFO - Wikipedia: language=en, user_agent: DailyTriviaAI/1.0 (https://github.com/robinsanders/daily_trivia_ai; contact@dailytriviaai.com) (Wikipedia-API/0.6.0; https://github.com/martin-majlis/Wikipedia-API/), extract_format=1
question_generator-1  | 2025-02-16 00:55:48,201 - INFO - Initializing ChatOpenAI...
question_generator-1  | 2025-02-16 00:55:48,249 - INFO - ChatOpenAI initialized successfully
question_generator-1  | 2025-02-16 00:55:48,249 - INFO - Fetching random Wikipedia article...
question_generator-1  | 2025-02-16 00:55:48,249 - INFO - Fetching random Wikipedia article
question_generator-1  | 2025-02-16 00:55:48,249 - INFO - Trying category: Basketball
question_generator-1  | 2025-02-16 00:55:48,419 - INFO - Request URL: https://en.wikipedia.org/w/api.php?action=query&prop=info&titles=Wilky Gilmore&inprop=protection|talkid|watched|watchers|visitingwatchers|notificationtimestamp|subjectid|url|readable|preload|displaytitle
question_generator-1  | 2025-02-16 00:55:48,644 - INFO - Request URL: https://en.wikipedia.org/w/api.php?action=query&prop=extracts&titles=Wilky Gilmore&explaintext=1&exsectionformat=wiki
question_generator-1  | 2025-02-16 00:55:48,739 - INFO - Selected article: Wilky Gilmore
question_generator-1  | 2025-02-16 00:55:48,740 - INFO - Processing article content...
question_generator-1  | 2025-02-16 00:55:48,740 - INFO - Processing text of length 10376
question_generator-1  | 2025-02-16 00:55:48,753 - INFO - Split into 1 chunks
question_generator-1  | 2025-02-16 00:55:48,753 - INFO - Processing chunk 1 of 1
question_generator-1  | 2025-02-16 00:55:52,998 - INFO - HTTP Request: POST https://api.openai.com/v1/chat/completions "HTTP/1.1 200 OK"
question_generator-1  | 2025-02-16 01:30:09,516 - INFO - HTTP Request: POST https://api.openai.com/v1/chat/completions "HTTP/1.1 200 OK"
question_generator-1  | 2025-02-16 01:30:09,520 - INFO - Generated 4 questions from chunk
question_generator-1  | 2025-02-16 01:30:09,520 - INFO - Generated total of 4 questions
question_generator-1  | 2025-02-16 01:30:09,528 - INFO - Successfully stored questions for 2025-02-16
question_generator-1  | 2025-02-16 01:30:09,528 - INFO - Generated 4 questions from article: Wilky Gilmore
question_generator-1  | 2025-02-17 00:07:28,717 - INFO - Starting daily question generation for 2025-02-17
question_generator-1  | 2025-02-17 00:07:28,722 - INFO - Wikipedia: language=en, user_agent: DailyTriviaAI/1.0 (https://github.com/robinsanders/daily_trivia_ai; contact@dailytriviaai.com) (Wikipedia-API/0.6.0; https://github.com/martin-majlis/Wikipedia-API/), extract_format=1
question_generator-1  | 2025-02-17 00:07:28,723 - INFO - Initializing ChatOpenAI...
question_generator-1  | 2025-02-17 00:07:28,773 - INFO - ChatOpenAI initialized successfully
question_generator-1  | 2025-02-17 00:07:28,773 - INFO - Fetching random Wikipedia article...
question_generator-1  | 2025-02-17 00:07:28,773 - INFO - Fetching random Wikipedia article
question_generator-1  | 2025-02-17 00:07:28,773 - INFO - Trying category: Association_football
question_generator-1  | 2025-02-17 00:07:28,966 - INFO - Request URL: https://en.wikipedia.org/w/api.php?action=query&prop=info&titles=Association football&inprop=protection|talkid|watched|watchers|visitingwatchers|notificationtimestamp|subjectid|url|readable|preload|displaytitle
question_generator-1  | 2025-02-17 00:07:29,503 - INFO - Request URL: https://en.wikipedia.org/w/api.php?action=query&prop=extracts&titles=Association football&explaintext=1&exsectionformat=wiki
question_generator-1  | 2025-02-17 00:07:39,524 - WARNING - Error fetching article: HTTPSConnectionPool(host='en.wikipedia.org', port=443): Read timed out. (read timeout=10.0)
question_generator-1  | 2025-02-17 00:07:39,525 - INFO - Trying category: Artificial_intelligence
question_generator-1  | 2025-02-17 00:07:39,736 - INFO - Request URL: https://en.wikipedia.org/w/api.php?action=query&prop=info&titles=Autonomic networking&inprop=protection|talkid|watched|watchers|visitingwatchers|notificationtimestamp|subjectid|url|readable|preload|displaytitle
question_generator-1  | 2025-02-17 00:07:39,963 - INFO - Request URL: https://en.wikipedia.org/w/api.php?action=query&prop=extracts&titles=Autonomic networking&explaintext=1&exsectionformat=wiki
question_generator-1  | 2025-02-17 00:07:40,047 - INFO - Selected article: Autonomic networking
question_generator-1  | 2025-02-17 00:07:40,047 - INFO - Processing article content...
question_generator-1  | 2025-02-17 00:07:40,047 - INFO - Processing text of length 16496
question_generator-1  | 2025-02-17 00:07:40,054 - INFO - Split into 1 chunks
question_generator-1  | 2025-02-17 00:07:40,054 - INFO - Processing chunk 1 of 1
question_generator-1  | 2025-02-17 00:19:21,727 - INFO - Retrying request to /chat/completions in 0.809356 seconds
question_generator-1  | 2025-02-17 01:04:04,682 - INFO - Retrying request to /chat/completions in 1.697593 seconds
question_generator-1  | 2025-02-17 01:04:10,116 - INFO - HTTP Request: POST https://api.openai.com/v1/chat/completions "HTTP/1.1 200 OK"
question_generator-1  | 2025-02-17 01:06:18,110 - INFO - HTTP Request: POST https://api.openai.com/v1/chat/completions "HTTP/1.1 200 OK"
question_generator-1  | 2025-02-17 01:06:18,131 - INFO - Generated 4 questions from chunk
question_generator-1  | 2025-02-17 01:06:18,131 - INFO - Generated total of 4 questions
question_generator-1  | 2025-02-17 01:06:18,136 - INFO - Successfully stored questions for 2025-02-17
question_generator-1  | 2025-02-17 01:06:18,136 - INFO - Generated 4 questions from article: Autonomic networking
question_generator-1  | 2025-02-18 00:25:54,141 - INFO - Starting daily question generation for 2025-02-18
question_generator-1  | 2025-02-18 00:25:54,162 - INFO - Wikipedia: language=en, user_agent: DailyTriviaAI/1.0 (https://github.com/robinsanders/daily_trivia_ai; contact@dailytriviaai.com) (Wikipedia-API/0.6.0; https://github.com/martin-majlis/Wikipedia-API/), extract_format=1
question_generator-1  | 2025-02-18 00:25:54,167 - INFO - Initializing ChatOpenAI...
question_generator-1  | 2025-02-18 00:25:54,215 - INFO - ChatOpenAI initialized successfully
question_generator-1  | 2025-02-18 00:25:54,215 - INFO - Fetching random Wikipedia article...
question_generator-1  | 2025-02-18 00:25:54,215 - INFO - Fetching random Wikipedia article
question_generator-1  | 2025-02-18 00:25:54,215 - INFO - Trying category: Association_football
question_generator-1  | 2025-02-18 00:25:54,855 - INFO - Request URL: https://en.wikipedia.org/w/api.php?action=query&prop=info&titles=Names for association football&inprop=protection|talkid|watched|watchers|visitingwatchers|notificationtimestamp|subjectid|url|readable|preload|displaytitle
question_generator-1  | 2025-02-18 00:25:55,368 - INFO - Request URL: https://en.wikipedia.org/w/api.php?action=query&prop=extracts&titles=Names for association football&explaintext=1&exsectionformat=wiki
question_generator-1  | 2025-02-18 00:25:55,471 - INFO - Selected article: Names for association football
question_generator-1  | 2025-02-18 00:25:55,471 - INFO - Processing article content...
question_generator-1  | 2025-02-18 00:25:55,471 - INFO - Processing text of length 22119
question_generator-1  | 2025-02-18 00:25:55,488 - INFO - Split into 1 chunks
question_generator-1  | 2025-02-18 00:25:55,488 - INFO - Processing chunk 1 of 1
question_generator-1  | 2025-02-18 00:26:00,890 - INFO - HTTP Request: POST https://api.openai.com/v1/chat/completions "HTTP/1.1 200 OK"
question_generator-1  | 2025-02-18 00:26:08,771 - INFO - HTTP Request: POST https://api.openai.com/v1/chat/completions "HTTP/1.1 200 OK"
question_generator-1  | 2025-02-18 00:26:08,774 - INFO - Generated 4 questions from chunk
question_generator-1  | 2025-02-18 00:26:08,774 - INFO - Generated total of 4 questions
question_generator-1  | 2025-02-18 00:26:08,783 - INFO - Successfully stored questions for 2025-02-18
question_generator-1  | 2025-02-18 00:26:08,783 - INFO - Generated 4 questions from article: Names for association football
web-1                 | 172.18.0.1 - - [18/Feb/2025 00:26:20] "GET / HTTP/1.1" 200 -
web-1                 | 172.18.0.1 - - [18/Feb/2025 00:26:20] "GET /static/js/main.js HTTP/1.1" 200 -
web-1                 | 172.18.0.1 - - [18/Feb/2025 00:26:20] "GET /static/css/style.css HTTP/1.1" 200 -
web-1                 | 172.18.0.1 - - [18/Feb/2025 00:26:20] "GET /get_user_scores HTTP/1.1" 200 -
web-1                 | 172.18.0.1 - - [18/Feb/2025 00:26:20] "GET /favicon.ico HTTP/1.1" 404 -
web-1                 | User authenticated: True
web-1                 | Current user: 1
web-1                 | 172.18.0.1 - - [18/Feb/2025 00:26:24] "GET /get_questions HTTP/1.1" 200 -
web-1                 | 172.18.0.1 - - [18/Feb/2025 00:27:08] "GET /static/sounds/wrong.mp3 HTTP/1.1" 404 -